This file contains any messages produced by compilers while
running configure, to aid debugging if configure makes a mistake.

It was created by Valgrind configure 3.18.1, which was
generated by GNU Autoconf 2.69.  Invocation command line was

  $ ./configure 

## --------- ##
## Platform. ##
## --------- ##

hostname = 30-93-225.dynamic.csail.mit.edu
uname -m = x86_64
uname -r = 20.6.0
uname -s = Darwin
uname -v = Darwin Kernel Version 20.6.0: Wed Jun 23 00:26:31 PDT 2021; root:xnu-7195.141.2~5/RELEASE_X86_64

/usr/bin/uname -p = i386
/bin/uname -X     = unknown

/bin/arch              = unknown
/usr/bin/arch -k       = unknown
/usr/convex/getsysinfo = unknown
/usr/bin/hostinfo      = Mach kernel version:
	 Darwin Kernel Version 20.6.0: Wed Jun 23 00:26:31 PDT 2021; root:xnu-7195.141.2~5/RELEASE_X86_64
Kernel configured for up to 16 processors.
8 processors are physically available.
16 processors are logically available.
Processor type: x86_64h (Intel x86-64h Haswell)
Processors active: 0 1 2 3 4 5 6 7 8 9 10 11 12 13 14 15
Primary memory available: 16.00 gigabytes
Default processor set: 569 tasks, 3448 threads, 16 processors
Load average: 2.68, Mach factor: 14.07
/bin/machine           = unknown
/usr/bin/oslevel       = unknown
/bin/universe          = unknown

PATH: /Users/amlatyr/.local/share/virtualenvs/tpch_data-KEawYyro/bin
PATH: /usr/local/sbin
PATH: /Library/Frameworks/Python.framework/Versions/3.7/bin
PATH: /usr/local/bin
PATH: /usr/bin
PATH: /bin
PATH: /usr/sbin
PATH: /sbin
PATH: /Library/TeX/texbin
PATH: /usr/local/go/bin
PATH: /Library/Apple/usr/bin
PATH: /Users/amlatyr/.cargo/bin
PATH: /Users/amlatyr/Library/Python/3.9/bin
PATH: /Users/amlatyr/Library/Python/3.7/bin


## ----------- ##
## Core tests. ##
## ----------- ##

configure:2831: checking for a BSD-compatible install
configure:2899: result: /usr/local/bin/ginstall -c
configure:2910: checking whether build environment is sane
configure:2965: result: yes
configure:3116: checking for a thread-safe mkdir -p
configure:3155: result: /usr/local/bin/gmkdir -p
configure:3162: checking for gawk
configure:3192: result: no
configure:3162: checking for mawk
configure:3192: result: no
configure:3162: checking for nawk
configure:3192: result: no
configure:3162: checking for awk
configure:3178: found /usr/bin/awk
configure:3189: result: awk
configure:3200: checking whether make sets $(MAKE)
configure:3222: result: yes
configure:3251: checking whether make supports nested variables
configure:3268: result: yes
configure:3396: checking whether to enable maintainer-specific portions of Makefiles
configure:3405: result: no
configure:3430: checking whether ln -s works
configure:3434: result: yes
configure:3489: checking for gcc
configure:3505: found /usr/bin/gcc
configure:3516: result: gcc
configure:3745: checking for C compiler version
configure:3754: gcc --version >&5
Apple clang version 12.0.5 (clang-1205.0.22.9)
Target: x86_64-apple-darwin20.6.0
Thread model: posix
InstalledDir: /Library/Developer/CommandLineTools/usr/bin
Configured with: --prefix=/Library/Developer/CommandLineTools/usr --with-gxx-include-dir=/Library/Developer/CommandLineTools/SDKs/MacOSX.sdk/usr/include/c++/4.2.1
configure:3765: $? = 0
configure:3754: gcc -v >&5
Configured with: --prefix=/Library/Developer/CommandLineTools/usr --with-gxx-include-dir=/Library/Developer/CommandLineTools/SDKs/MacOSX.sdk/usr/include/c++/4.2.1
Apple clang version 12.0.5 (clang-1205.0.22.9)
Target: x86_64-apple-darwin20.6.0
Thread model: posix
InstalledDir: /Library/Developer/CommandLineTools/usr/bin
configure:3765: $? = 0
configure:3754: gcc -V >&5
clang: error: argument to '-V' is missing (expected 1 value)
clang: error: no input files
configure:3765: $? = 1
configure:3754: gcc -qversion >&5
clang: error: unknown argument '-qversion'; did you mean '--version'?
clang: error: no input files
configure:3765: $? = 1
configure:3785: checking whether the C compiler works
configure:3807: gcc    conftest.c  >&5
configure:3811: $? = 0
configure:3859: result: yes
configure:3862: checking for C compiler default output file name
configure:3864: result: a.out
configure:3870: checking for suffix of executables
configure:3877: gcc -o conftest    conftest.c  >&5
configure:3881: $? = 0
configure:3903: result: 
configure:3925: checking whether we are cross compiling
configure:3933: gcc -o conftest    conftest.c  >&5
configure:3937: $? = 0
configure:3944: ./conftest
configure:3948: $? = 0
configure:3963: result: no
configure:3968: checking for suffix of object files
configure:3990: gcc -c   conftest.c >&5
configure:3994: $? = 0
configure:4015: result: o
configure:4019: checking whether we are using the GNU C compiler
configure:4038: gcc -c   conftest.c >&5
configure:4038: $? = 0
configure:4047: result: yes
configure:4056: checking whether gcc accepts -g
configure:4076: gcc -c -g  conftest.c >&5
configure:4076: $? = 0
configure:4117: result: yes
configure:4134: checking for gcc option to accept ISO C89
configure:4197: gcc  -c   conftest.c >&5
configure:4197: $? = 0
configure:4210: result: none needed
configure:4235: checking whether gcc understands -c and -o together
configure:4257: gcc -c conftest.c -o conftest2.o
configure:4260: $? = 0
configure:4257: gcc -c conftest.c -o conftest2.o
configure:4260: $? = 0
configure:4272: result: yes
configure:4292: checking whether make supports the include directive
configure:4307: make -f confmf.GNU && cat confinc.out
this is the am__doit target
configure:4310: $? = 0
configure:4329: result: yes (GNU style)
configure:4354: checking dependency style of gcc
configure:4465: result: gcc3
configure:4486: checking how to run the C preprocessor
configure:4517: gcc -E  conftest.c
configure:4517: $? = 0
configure:4531: gcc -E  conftest.c
conftest.c:11:10: fatal error: 'ac_nonexistent.h' file not found
#include <ac_nonexistent.h>
         ^~~~~~~~~~~~~~~~~~
1 error generated.
configure:4531: $? = 1
configure: failed program was:
| /* confdefs.h */
| #define PACKAGE_NAME "Valgrind"
| #define PACKAGE_TARNAME "valgrind"
| #define PACKAGE_VERSION "3.18.1"
| #define PACKAGE_STRING "Valgrind 3.18.1"
| #define PACKAGE_BUGREPORT "valgrind-users@lists.sourceforge.net"
| #define PACKAGE_URL ""
| #define PACKAGE "valgrind"
| #define VERSION "3.18.1"
| /* end confdefs.h.  */
| #include <ac_nonexistent.h>
configure:4556: result: gcc -E
configure:4576: gcc -E  conftest.c
configure:4576: $? = 0
configure:4590: gcc -E  conftest.c
conftest.c:11:10: fatal error: 'ac_nonexistent.h' file not found
#include <ac_nonexistent.h>
         ^~~~~~~~~~~~~~~~~~
1 error generated.
configure:4590: $? = 1
configure: failed program was:
| /* confdefs.h */
| #define PACKAGE_NAME "Valgrind"
| #define PACKAGE_TARNAME "valgrind"
| #define PACKAGE_VERSION "3.18.1"
| #define PACKAGE_STRING "Valgrind 3.18.1"
| #define PACKAGE_BUGREPORT "valgrind-users@lists.sourceforge.net"
| #define PACKAGE_URL ""
| #define PACKAGE "valgrind"
| #define VERSION "3.18.1"
| /* end confdefs.h.  */
| #include <ac_nonexistent.h>
configure:4676: checking for g++
configure:4692: found /usr/bin/g++
configure:4703: result: g++
configure:4730: checking for C++ compiler version
configure:4739: g++ --version >&5
Apple clang version 12.0.5 (clang-1205.0.22.9)
Target: x86_64-apple-darwin20.6.0
Thread model: posix
InstalledDir: /Library/Developer/CommandLineTools/usr/bin
Configured with: --prefix=/Library/Developer/CommandLineTools/usr --with-gxx-include-dir=/Library/Developer/CommandLineTools/SDKs/MacOSX.sdk/usr/include/c++/4.2.1
configure:4750: $? = 0
configure:4739: g++ -v >&5
Configured with: --prefix=/Library/Developer/CommandLineTools/usr --with-gxx-include-dir=/Library/Developer/CommandLineTools/SDKs/MacOSX.sdk/usr/include/c++/4.2.1
Apple clang version 12.0.5 (clang-1205.0.22.9)
Target: x86_64-apple-darwin20.6.0
Thread model: posix
InstalledDir: /Library/Developer/CommandLineTools/usr/bin
configure:4750: $? = 0
configure:4739: g++ -V >&5
clang: error: argument to '-V' is missing (expected 1 value)
clang: error: no input files
configure:4750: $? = 1
configure:4739: g++ -qversion >&5
clang: error: unknown argument '-qversion'; did you mean '--version'?
clang: error: no input files
configure:4750: $? = 1
configure:4754: checking whether we are using the GNU C++ compiler
configure:4773: g++ -c   conftest.cpp >&5
configure:4773: $? = 0
configure:4782: result: yes
configure:4791: checking whether g++ accepts -g
configure:4811: g++ -c -g  conftest.cpp >&5
configure:4811: $? = 0
configure:4852: result: yes
configure:4877: checking dependency style of g++
configure:4988: result: gcc3
configure:5059: checking for ranlib
configure:5075: found /usr/bin/ranlib
configure:5086: result: ranlib
configure:5114: checking for gcc-ranlib
configure:5147: result: no
configure:5161: checking for a sed that does not truncate output
configure:5225: result: /usr/bin/sed
configure:5238: checking for ar
configure:5256: found /usr/bin/ar
configure:5268: result: /usr/bin/ar
configure:5289: checking for gcc-ar
configure:5322: result: no
configure:5342: checking for perl
configure:5360: found /usr/bin/perl
configure:5372: result: /usr/bin/perl
configure:5384: checking for gdb
configure:5415: result: /no/gdb/was/found/at/configure/time
configure:5439: checking dependency style of gcc
configure:5548: result: gcc3
configure:5567: checking for diff -u
configure:5575: result: yes
configure:5586: checking for gcc option to accept ISO C99
configure:5735: gcc  -c   conftest.c >&5
configure:5735: $? = 0
configure:5748: result: none needed
configure:5768: checking for a supported version of gcc
configure:5848: result: ok (clang-12.0.5)
configure:5870: checking build system type
configure:5884: result: x86_64-apple-darwin20.6.0
configure:5904: checking host system type
configure:5917: result: x86_64-apple-darwin20.6.0
configure:5938: checking for a supported CPU
configure:5965: result: ok (x86_64)
configure:6062: checking for a 64-bit only build
configure:6075: result: no
configure:6079: checking for a 32-bit only build
configure:6092: result: no
configure:6105: checking for a supported OS
configure:6223: result: ok (darwin20.6.0)
configure:6254: checking for the kernel version
configure:6357: result: unsupported (20.6.0)
configure:6359: error: Valgrind works on Darwin 10.x, 11.x, 12.x, 13.x, 14.x, 15.x, 16.x and 17.x (Mac OS X 10.6/7/8/9/10/11 and macOS 10.12/13)

## ---------------- ##
## Cache variables. ##
## ---------------- ##

ac_cv_build=x86_64-apple-darwin20.6.0
ac_cv_c_compiler_gnu=yes
ac_cv_cxx_compiler_gnu=yes
ac_cv_env_AR_set=
ac_cv_env_AR_value=
ac_cv_env_CCASFLAGS_set=
ac_cv_env_CCASFLAGS_value=
ac_cv_env_CCAS_set=
ac_cv_env_CCAS_value=
ac_cv_env_CCC_set=
ac_cv_env_CCC_value=
ac_cv_env_CC_set=
ac_cv_env_CC_value=
ac_cv_env_CFLAGS_set=
ac_cv_env_CFLAGS_value=
ac_cv_env_CPPFLAGS_set=
ac_cv_env_CPPFLAGS_value=
ac_cv_env_CPP_set=
ac_cv_env_CPP_value=
ac_cv_env_CXXFLAGS_set=
ac_cv_env_CXXFLAGS_value=
ac_cv_env_CXX_set=
ac_cv_env_CXX_value=
ac_cv_env_LDFLAGS_set=
ac_cv_env_LDFLAGS_value=
ac_cv_env_LIBS_set=
ac_cv_env_LIBS_value=
ac_cv_env_LTO_AR_set=
ac_cv_env_LTO_AR_value=
ac_cv_env_LTO_RANLIB_set=
ac_cv_env_LTO_RANLIB_value=
ac_cv_env_build_alias_set=
ac_cv_env_build_alias_value=
ac_cv_env_host_alias_set=
ac_cv_env_host_alias_value=
ac_cv_env_target_alias_set=
ac_cv_env_target_alias_value=
ac_cv_host=x86_64-apple-darwin20.6.0
ac_cv_objext=o
ac_cv_path_AR=/usr/bin/ar
ac_cv_path_GDB=/no/gdb/was/found/at/configure/time
ac_cv_path_PERL=/usr/bin/perl
ac_cv_path_SED=/usr/bin/sed
ac_cv_path_install='/usr/local/bin/ginstall -c'
ac_cv_path_mkdir=/usr/local/bin/gmkdir
ac_cv_prog_AWK=awk
ac_cv_prog_CPP='gcc -E'
ac_cv_prog_ac_ct_CC=gcc
ac_cv_prog_ac_ct_CXX=g++
ac_cv_prog_ac_ct_RANLIB=ranlib
ac_cv_prog_cc_c89=
ac_cv_prog_cc_c99=
ac_cv_prog_cc_g=yes
ac_cv_prog_cxx_g=yes
ac_cv_prog_make_make_set=yes
am_cv_CCAS_dependencies_compiler_type=gcc3
am_cv_CC_dependencies_compiler_type=gcc3
am_cv_CXX_dependencies_compiler_type=gcc3
am_cv_make_support_nested_variables=yes
am_cv_prog_cc_c_o=yes
vg_cv_only32bit=no
vg_cv_only64bit=no

## ----------------- ##
## Output variables. ##
## ----------------- ##

ACLOCAL='${SHELL} /Users/amlatyr/Code/analytics_prototype/valgrind-3.18.1/missing aclocal-1.16'
AMDEPBACKSLASH='\'
AMDEP_FALSE='#'
AMDEP_TRUE=''
AMTAR='$${TAR-tar}'
AM_BACKSLASH='\'
AM_DEFAULT_V='$(AM_DEFAULT_VERBOSITY)'
AM_DEFAULT_VERBOSITY='1'
AM_V='$(V)'
AR='/usr/bin/ar'
AUTOCONF='${SHELL} /Users/amlatyr/Code/analytics_prototype/valgrind-3.18.1/missing autoconf'
AUTOHEADER='${SHELL} /Users/amlatyr/Code/analytics_prototype/valgrind-3.18.1/missing autoheader'
AUTOMAKE='${SHELL} /Users/amlatyr/Code/analytics_prototype/valgrind-3.18.1/missing automake-1.16'
AWK='awk'
BOOST_CFLAGS=''
BOOST_LIBS=''
BUILD_ADDR32_TESTS_FALSE=''
BUILD_ADDR32_TESTS_TRUE=''
BUILD_ADX_TESTS_FALSE=''
BUILD_ADX_TESTS_TRUE=''
BUILD_ARMV81_TESTS_FALSE=''
BUILD_ARMV81_TESTS_TRUE=''
BUILD_ARMV82_TESTS_FALSE=''
BUILD_ARMV82_TESTS_TRUE=''
BUILD_ARMV8_CRC_TESTS_FALSE=''
BUILD_ARMV8_CRC_TESTS_TRUE=''
BUILD_AVX2_TESTS_FALSE=''
BUILD_AVX2_TESTS_TRUE=''
BUILD_AVX_TESTS_FALSE=''
BUILD_AVX_TESTS_TRUE=''
BUILD_BMI_TESTS_FALSE=''
BUILD_BMI_TESTS_TRUE=''
BUILD_DFP_TESTS_FALSE=''
BUILD_DFP_TESTS_TRUE=''
BUILD_F16C_TESTS_FALSE=''
BUILD_F16C_TESTS_TRUE=''
BUILD_FMA4_TESTS_FALSE=''
BUILD_FMA4_TESTS_TRUE=''
BUILD_FMA_TESTS_FALSE=''
BUILD_FMA_TESTS_TRUE=''
BUILD_IFUNC_TESTS_FALSE=''
BUILD_IFUNC_TESTS_TRUE=''
BUILD_LOOPNEL_TESTS_FALSE=''
BUILD_LOOPNEL_TESTS_TRUE=''
BUILD_LZCNT_TESTS_FALSE=''
BUILD_LZCNT_TESTS_TRUE=''
BUILD_MOVBE_TESTS_FALSE=''
BUILD_MOVBE_TESTS_TRUE=''
BUILD_MPIWRAP_PRI_FALSE=''
BUILD_MPIWRAP_PRI_TRUE=''
BUILD_MPIWRAP_SEC_FALSE=''
BUILD_MPIWRAP_SEC_TRUE=''
BUILD_MPX_TESTS_FALSE=''
BUILD_MPX_TESTS_TRUE=''
BUILD_PCLMULQDQ_TESTS_FALSE=''
BUILD_PCLMULQDQ_TESTS_TRUE=''
BUILD_RDRAND_TESTS_FALSE=''
BUILD_RDRAND_TESTS_TRUE=''
BUILD_RDSEED_TESTS_FALSE=''
BUILD_RDSEED_TESTS_TRUE=''
BUILD_SSE3_TESTS_FALSE=''
BUILD_SSE3_TESTS_TRUE=''
BUILD_SSE42_TESTS_FALSE=''
BUILD_SSE42_TESTS_TRUE=''
BUILD_SSSE3_TESTS_FALSE=''
BUILD_SSSE3_TESTS_TRUE=''
BUILD_TSX_TESTS_FALSE=''
BUILD_TSX_TESTS_TRUE=''
BUILD_VPCLMULQDQ_TESTS_FALSE=''
BUILD_VPCLMULQDQ_TESTS_TRUE=''
CC='gcc'
CCAS='gcc'
CCASDEPMODE='depmode=gcc3'
CCASFLAGS=''
CCDEPMODE='depmode=gcc3'
CFLAGS=''
CFLAGS_MPI=''
COMPILER_IS_CLANG_FALSE='#'
COMPILER_IS_CLANG_TRUE=''
COMPILER_IS_ICC_FALSE=''
COMPILER_IS_ICC_TRUE='#'
CPP='gcc -E'
CPPFLAGS=''
CXX='g++'
CXXDEPMODE='depmode=gcc3'
CXXFLAGS=''
CXX_CAN_INCLUDE_THREAD_HEADER_FALSE=''
CXX_CAN_INCLUDE_THREAD_HEADER_TRUE=''
CYGPATH_W='echo'
DEFAULT_SUPP=''
DEFS=''
DEPDIR='.deps'
DIFF='diff -u'
DIS_PATH=''
DWARF4_FALSE=''
DWARF4_TRUE=''
ECHO_C='\c'
ECHO_N=''
ECHO_T=''
EGREP=''
ENABLE_LINUX_TICKET_LOCK_PRIMARY_FALSE=''
ENABLE_LINUX_TICKET_LOCK_PRIMARY_TRUE=''
ENABLE_LINUX_TICKET_LOCK_SECONDARY_FALSE=''
ENABLE_LINUX_TICKET_LOCK_SECONDARY_TRUE=''
EXEEXT=''
FLAG_FALIGNED_NEW=''
FLAG_FINLINE_FUNCTIONS=''
FLAG_FNO_IPA_ICF=''
FLAG_FNO_STACK_PROTECTOR=''
FLAG_FSANITIZE=''
FLAG_FSIZED_DEALLOCATION=''
FLAG_M32=''
FLAG_M64=''
FLAG_MLONG_DOUBLE_128=''
FLAG_MMMX=''
FLAG_MSA=''
FLAG_MSSE=''
FLAG_NO_BUILD_ID=''
FLAG_NO_PIE=''
FLAG_OCTEON2=''
FLAG_OCTEON=''
FLAG_PIE=''
FLAG_T_TEXT=''
FLAG_UNLIMITED_INLINE_UNIT_GROWTH=''
FLAG_W_CAST_ALIGN=''
FLAG_W_CAST_QUAL=''
FLAG_W_EMPTY_BODY=''
FLAG_W_ENUM_CONVERSION=''
FLAG_W_EXTRA=''
FLAG_W_FORMAT=''
FLAG_W_FORMAT_SECURITY=''
FLAG_W_FORMAT_SIGNEDNESS=''
FLAG_W_IGNORED_QUALIFIERS=''
FLAG_W_IMPLICIT_FALLTHROUGH=''
FLAG_W_LOGICAL_OP=''
FLAG_W_MISSING_PARAMETER_TYPE=''
FLAG_W_NO_EXPANSION_TO_DEFINED=''
FLAG_W_NO_INFINITE_RECURSION=''
FLAG_W_NO_MEMSET_TRANSPOSED_ARGS=''
FLAG_W_NO_MISMATCHED_NEW_DELETE=''
FLAG_W_NO_NONNULL=''
FLAG_W_NO_OVERFLOW=''
FLAG_W_NO_POINTER_SIGN=''
FLAG_W_NO_STATIC_LOCAL_IN_INLINE=''
FLAG_W_NO_UNINITIALIZED=''
FLAG_W_NO_UNUSED_FUNCTION=''
FLAG_W_OLD_STYLE_DECLARATION=''
FLAG_W_WRITE_STRINGS=''
GDB='/no/gdb/was/found/at/configure/time'
GLIBC_LIBC_PATH=''
GLIBC_LIBPTHREAD_PATH=''
GLIBC_VERSION=''
GREP=''
GZ_ZLIB_FALSE=''
GZ_ZLIB_GNU_FALSE=''
GZ_ZLIB_GNU_TRUE=''
GZ_ZLIB_TRUE=''
HAS_ALTIVEC_FALSE=''
HAS_ALTIVEC_TRUE=''
HAS_DARN_FALSE=''
HAS_DARN_TRUE=''
HAS_DFP_FALSE=''
HAS_DFP_TRUE=''
HAS_ISA_2_05_FALSE=''
HAS_ISA_2_05_TRUE=''
HAS_ISA_2_06_FALSE=''
HAS_ISA_2_06_TRUE=''
HAS_ISA_2_07_FALSE=''
HAS_ISA_2_07_TRUE=''
HAS_ISA_3_00_FALSE=''
HAS_ISA_3_00_TRUE=''
HAS_ISA_3_1_FALSE=''
HAS_ISA_3_1_TRUE=''
HAS_MLONG_DOUBLE_128_FALSE=''
HAS_MLONG_DOUBLE_128_TRUE=''
HAS_VSX_FALSE=''
HAS_VSX_TRUE=''
HAS_XSCVHPDP_FALSE=''
HAS_XSCVHPDP_TRUE=''
HAVE_ALIGNED_CXX_ALLOC_FALSE=''
HAVE_ALIGNED_CXX_ALLOC_TRUE=''
HAVE_ASM_CONSTRAINT_P_FALSE=''
HAVE_ASM_CONSTRAINT_P_TRUE=''
HAVE_AT_FDCWD_FALSE=''
HAVE_AT_FDCWD_TRUE=''
HAVE_BOOST_1_35_FALSE=''
HAVE_BOOST_1_35_TRUE=''
HAVE_BUILTIN_ATOMIC64_FALSE=''
HAVE_BUILTIN_ATOMIC64_TRUE=''
HAVE_BUILTIN_ATOMIC_CXX_FALSE=''
HAVE_BUILTIN_ATOMIC_CXX_TRUE=''
HAVE_BUILTIN_ATOMIC_FALSE=''
HAVE_BUILTIN_ATOMIC_SECONDARY_FALSE=''
HAVE_BUILTIN_ATOMIC_SECONDARY_TRUE=''
HAVE_BUILTIN_ATOMIC_TRUE=''
HAVE_COPY_FILE_RANGE_FALSE=''
HAVE_COPY_FILE_RANGE_TRUE=''
HAVE_DLINFO_RTLD_DI_TLS_MODID_FALSE=''
HAVE_DLINFO_RTLD_DI_TLS_MODID_TRUE=''
HAVE_FSIZED_DEALLOCATION_FALSE=''
HAVE_FSIZED_DEALLOCATION_TRUE=''
HAVE_GNU_STPNCPY_FALSE=''
HAVE_GNU_STPNCPY_TRUE=''
HAVE_MEMFD_CREATE_FALSE=''
HAVE_MEMFD_CREATE_TRUE=''
HAVE_NESTED_FUNCTIONS_FALSE=''
HAVE_NESTED_FUNCTIONS_TRUE=''
HAVE_NR_MEMBARRIER_FALSE=''
HAVE_NR_MEMBARRIER_TRUE=''
HAVE_OPENMP_FALSE=''
HAVE_OPENMP_TRUE=''
HAVE_PREADV2_PWRITEV2_FALSE=''
HAVE_PREADV2_PWRITEV2_TRUE=''
HAVE_PREADV_PWRITEV_FALSE=''
HAVE_PREADV_PWRITEV_TRUE=''
HAVE_PTHREAD_BARRIER_FALSE=''
HAVE_PTHREAD_BARRIER_TRUE=''
HAVE_PTHREAD_CREATE_GLIBC_2_0_FALSE=''
HAVE_PTHREAD_CREATE_GLIBC_2_0_TRUE=''
HAVE_PTHREAD_MUTEX_TIMEDLOCK_FALSE=''
HAVE_PTHREAD_MUTEX_TIMEDLOCK_TRUE=''
HAVE_PTHREAD_SETNAME_NP_FALSE=''
HAVE_PTHREAD_SETNAME_NP_TRUE=''
HAVE_PTHREAD_SPINLOCK_FALSE=''
HAVE_PTHREAD_SPINLOCK_TRUE=''
HAVE_SETCONTEXT_FALSE=''
HAVE_SETCONTEXT_TRUE=''
HAVE_SHARED_POINTER_ANNOTATION_FALSE=''
HAVE_SHARED_POINTER_ANNOTATION_TRUE=''
HAVE_SWAPCONTEXT_FALSE=''
HAVE_SWAPCONTEXT_TRUE=''
HWCAP_HAS_ALTIVEC=''
HWCAP_HAS_DFP=''
HWCAP_HAS_HTM=''
HWCAP_HAS_ISA_2_05=''
HWCAP_HAS_ISA_2_06=''
HWCAP_HAS_ISA_2_07=''
HWCAP_HAS_ISA_3_00=''
HWCAP_HAS_ISA_3_1=''
HWCAP_HAS_MMA=''
HWCAP_HAS_VSX=''
INSTALL_DATA='${INSTALL} -m 644'
INSTALL_PROGRAM='${INSTALL}'
INSTALL_SCRIPT='${INSTALL}'
INSTALL_STRIP_PROGRAM='$(install_sh) -c -s'
LDFLAGS=''
LDFLAGS_MPI=''
LIBOBJS=''
LIBS=''
LIB_UBSAN=''
LN_S='ln -s'
LTLIBOBJS=''
LTO_AR=''
LTO_CFLAGS=''
LTO_RANLIB=''
MAINT='#'
MAINTAINER_MODE_FALSE=''
MAINTAINER_MODE_TRUE='#'
MAKEINFO='${SHELL} /Users/amlatyr/Code/analytics_prototype/valgrind-3.18.1/missing makeinfo'
MKDIR_P='/usr/local/bin/gmkdir -p'
MPI_CC=''
OBJEXT='o'
PACKAGE='valgrind'
PACKAGE_BUGREPORT='valgrind-users@lists.sourceforge.net'
PACKAGE_NAME='Valgrind'
PACKAGE_STRING='Valgrind 3.18.1'
PACKAGE_TARNAME='valgrind'
PACKAGE_URL=''
PACKAGE_VERSION='3.18.1'
PATH_SEPARATOR=':'
PERL='/usr/bin/perl'
PREFERRED_STACK_BOUNDARY_2=''
RANLIB='ranlib'
SED='/usr/bin/sed'
SET_MAKE=''
SHELL='/bin/sh'
SOLARIS_AUDITON_STAT_FALSE=''
SOLARIS_AUDITON_STAT_TRUE=''
SOLARIS_EXECVE_SYSCALL_TAKES_FLAGS_FALSE=''
SOLARIS_EXECVE_SYSCALL_TAKES_FLAGS_TRUE=''
SOLARIS_FREALPATHAT_SYSCALL_FALSE=''
SOLARIS_FREALPATHAT_SYSCALL_TRUE=''
SOLARIS_GETHRT_FASTTRAP_FALSE=''
SOLARIS_GETHRT_FASTTRAP_TRUE=''
SOLARIS_GETRANDOM_SYSCALL_FALSE=''
SOLARIS_GETRANDOM_SYSCALL_TRUE=''
SOLARIS_GETZONEOFFSET_FASTTRAP_FALSE=''
SOLARIS_GETZONEOFFSET_FASTTRAP_TRUE=''
SOLARIS_LWP_NAME_SYSCALL_FALSE=''
SOLARIS_LWP_NAME_SYSCALL_TRUE=''
SOLARIS_LWP_SIGQUEUE_SYSCALL_FALSE=''
SOLARIS_LWP_SIGQUEUE_SYSCALL_TAKES_PID_FALSE=''
SOLARIS_LWP_SIGQUEUE_SYSCALL_TAKES_PID_TRUE=''
SOLARIS_LWP_SIGQUEUE_SYSCALL_TRUE=''
SOLARIS_MODCTL_MODNVL_FALSE=''
SOLARIS_MODCTL_MODNVL_TRUE=''
SOLARIS_NSCD_DOOR_SYSTEM_VOLATILE_FALSE=''
SOLARIS_NSCD_DOOR_SYSTEM_VOLATILE_TRUE=''
SOLARIS_OLD_SYSCALLS_FALSE=''
SOLARIS_OLD_SYSCALLS_TRUE=''
SOLARIS_PROC_CMDLINE_FALSE=''
SOLARIS_PROC_CMDLINE_TRUE=''
SOLARIS_PRXREGSET_T_FALSE=''
SOLARIS_PRXREGSET_T_TRUE=''
SOLARIS_PSET_GET_NAME_FALSE=''
SOLARIS_PSET_GET_NAME_TRUE=''
SOLARIS_RESERVE_SYSSTAT_ADDR_FALSE=''
SOLARIS_RESERVE_SYSSTAT_ADDR_TRUE=''
SOLARIS_RESERVE_SYSSTAT_ZONE_ADDR_FALSE=''
SOLARIS_RESERVE_SYSSTAT_ZONE_ADDR_TRUE=''
SOLARIS_SHM_NEW_FALSE=''
SOLARIS_SHM_NEW_TRUE=''
SOLARIS_SPAWN_SYSCALL_FALSE=''
SOLARIS_SPAWN_SYSCALL_TRUE=''
SOLARIS_SUN_STUDIO_AS_FALSE=''
SOLARIS_SUN_STUDIO_AS_TRUE=''
SOLARIS_SYSTEM_STATS_SYSCALL_FALSE=''
SOLARIS_SYSTEM_STATS_SYSCALL_TRUE=''
SOLARIS_TNDB_GET_TNIP_FALSE=''
SOLARIS_TNDB_GET_TNIP_TRUE=''
SOLARIS_TSOL_CLEARANCE_FALSE=''
SOLARIS_TSOL_CLEARANCE_TRUE=''
SOLARIS_UNDEF_LARGESOURCE=''
SOLARIS_UTIMENSAT_SYSCALL_FALSE=''
SOLARIS_UTIMENSAT_SYSCALL_TRUE=''
SOLARIS_UTIMESYS_SYSCALL_FALSE=''
SOLARIS_UTIMESYS_SYSCALL_TRUE=''
SOLARIS_UUIDSYS_SYSCALL_FALSE=''
SOLARIS_UUIDSYS_SYSCALL_TRUE=''
SOLARIS_XPG_SYMBOLS_PRESENT_FALSE=''
SOLARIS_XPG_SYMBOLS_PRESENT_TRUE=''
SOLARIS_ZONE_DEFUNCT_FALSE=''
SOLARIS_ZONE_DEFUNCT_TRUE=''
STRIP=''
SUPPORTS_HTM_FALSE=''
SUPPORTS_HTM_TRUE=''
VALT_LOAD_ADDRESS_PRI=''
VALT_LOAD_ADDRESS_SEC=''
VERSION='3.18.1'
VGCONF_ABI=''
VGCONF_ARCHS_INCLUDE_AMD64_FALSE=''
VGCONF_ARCHS_INCLUDE_AMD64_TRUE=''
VGCONF_ARCHS_INCLUDE_ARM64_FALSE=''
VGCONF_ARCHS_INCLUDE_ARM64_TRUE=''
VGCONF_ARCHS_INCLUDE_ARM_FALSE=''
VGCONF_ARCHS_INCLUDE_ARM_TRUE=''
VGCONF_ARCHS_INCLUDE_MIPS32_FALSE=''
VGCONF_ARCHS_INCLUDE_MIPS32_TRUE=''
VGCONF_ARCHS_INCLUDE_MIPS64_FALSE=''
VGCONF_ARCHS_INCLUDE_MIPS64_TRUE=''
VGCONF_ARCHS_INCLUDE_NANOMIPS_FALSE=''
VGCONF_ARCHS_INCLUDE_NANOMIPS_TRUE=''
VGCONF_ARCHS_INCLUDE_PPC32_FALSE=''
VGCONF_ARCHS_INCLUDE_PPC32_TRUE=''
VGCONF_ARCHS_INCLUDE_PPC64_FALSE=''
VGCONF_ARCHS_INCLUDE_PPC64_TRUE=''
VGCONF_ARCHS_INCLUDE_S390X_FALSE=''
VGCONF_ARCHS_INCLUDE_S390X_TRUE=''
VGCONF_ARCHS_INCLUDE_X86_FALSE=''
VGCONF_ARCHS_INCLUDE_X86_TRUE=''
VGCONF_ARCH_PRI=''
VGCONF_ARCH_SEC=''
VGCONF_HAVE_ABI_FALSE=''
VGCONF_HAVE_ABI_TRUE=''
VGCONF_HAVE_PLATFORM_SEC_FALSE=''
VGCONF_HAVE_PLATFORM_SEC_TRUE=''
VGCONF_OS='darwin'
VGCONF_OS_IS_DARWIN_FALSE=''
VGCONF_OS_IS_DARWIN_OR_FREEBSD_FALSE=''
VGCONF_OS_IS_DARWIN_OR_FREEBSD_TRUE=''
VGCONF_OS_IS_DARWIN_TRUE=''
VGCONF_OS_IS_FREEBSD_FALSE=''
VGCONF_OS_IS_FREEBSD_TRUE=''
VGCONF_OS_IS_LINUX_FALSE=''
VGCONF_OS_IS_LINUX_TRUE=''
VGCONF_OS_IS_SOLARIS_FALSE=''
VGCONF_OS_IS_SOLARIS_TRUE=''
VGCONF_PLATFORMS_INCLUDE_AMD64_DARWIN_FALSE=''
VGCONF_PLATFORMS_INCLUDE_AMD64_DARWIN_TRUE=''
VGCONF_PLATFORMS_INCLUDE_AMD64_FREEBSD_FALSE=''
VGCONF_PLATFORMS_INCLUDE_AMD64_FREEBSD_TRUE=''
VGCONF_PLATFORMS_INCLUDE_AMD64_LINUX_FALSE=''
VGCONF_PLATFORMS_INCLUDE_AMD64_LINUX_TRUE=''
VGCONF_PLATFORMS_INCLUDE_AMD64_SOLARIS_FALSE=''
VGCONF_PLATFORMS_INCLUDE_AMD64_SOLARIS_TRUE=''
VGCONF_PLATFORMS_INCLUDE_ARM64_LINUX_FALSE=''
VGCONF_PLATFORMS_INCLUDE_ARM64_LINUX_TRUE=''
VGCONF_PLATFORMS_INCLUDE_ARM_LINUX_FALSE=''
VGCONF_PLATFORMS_INCLUDE_ARM_LINUX_TRUE=''
VGCONF_PLATFORMS_INCLUDE_MIPS32_LINUX_FALSE=''
VGCONF_PLATFORMS_INCLUDE_MIPS32_LINUX_TRUE=''
VGCONF_PLATFORMS_INCLUDE_MIPS64_LINUX_FALSE=''
VGCONF_PLATFORMS_INCLUDE_MIPS64_LINUX_TRUE=''
VGCONF_PLATFORMS_INCLUDE_NANOMIPS_LINUX_FALSE=''
VGCONF_PLATFORMS_INCLUDE_NANOMIPS_LINUX_TRUE=''
VGCONF_PLATFORMS_INCLUDE_PPC32_LINUX_FALSE=''
VGCONF_PLATFORMS_INCLUDE_PPC32_LINUX_TRUE=''
VGCONF_PLATFORMS_INCLUDE_PPC64BE_LINUX_FALSE=''
VGCONF_PLATFORMS_INCLUDE_PPC64BE_LINUX_TRUE=''
VGCONF_PLATFORMS_INCLUDE_PPC64LE_LINUX_FALSE=''
VGCONF_PLATFORMS_INCLUDE_PPC64LE_LINUX_TRUE=''
VGCONF_PLATFORMS_INCLUDE_S390X_LINUX_FALSE=''
VGCONF_PLATFORMS_INCLUDE_S390X_LINUX_TRUE=''
VGCONF_PLATFORMS_INCLUDE_X86_DARWIN_FALSE=''
VGCONF_PLATFORMS_INCLUDE_X86_DARWIN_TRUE=''
VGCONF_PLATFORMS_INCLUDE_X86_FREEBSD_FALSE=''
VGCONF_PLATFORMS_INCLUDE_X86_FREEBSD_TRUE=''
VGCONF_PLATFORMS_INCLUDE_X86_LINUX_FALSE=''
VGCONF_PLATFORMS_INCLUDE_X86_LINUX_TRUE=''
VGCONF_PLATFORMS_INCLUDE_X86_SOLARIS_FALSE=''
VGCONF_PLATFORMS_INCLUDE_X86_SOLARIS_TRUE=''
VGCONF_PLATFORM_PRI_CAPS=''
VGCONF_PLATFORM_SEC_CAPS=''
VGCONF_PLATVARIANT=''
VGCONF_PLATVARIANT_IS_ANDROID_FALSE=''
VGCONF_PLATVARIANT_IS_ANDROID_TRUE=''
VGCONF_PLATVARIANT_IS_VANILLA_FALSE=''
VGCONF_PLATVARIANT_IS_VANILLA_TRUE=''
VG_TMPDIR=''
XCODE_DIR=''
XCRUN=''
ac_ct_CC='gcc'
ac_ct_CXX='g++'
am__EXEEXT_FALSE=''
am__EXEEXT_TRUE=''
am__fastdepCCAS_FALSE='#'
am__fastdepCCAS_TRUE=''
am__fastdepCC_FALSE='#'
am__fastdepCC_TRUE=''
am__fastdepCXX_FALSE='#'
am__fastdepCXX_TRUE=''
am__include='include'
am__isrc=''
am__leading_dot='.'
am__nodep='_no'
am__quote=''
am__tar='$${TAR-tar} chof - "$$tardir"'
am__untar='$${TAR-tar} xf -'
bindir='${exec_prefix}/bin'
build='x86_64-apple-darwin20.6.0'
build_alias=''
build_cpu='x86_64'
build_os='darwin20.6.0'
build_vendor='apple'
datadir='${datarootdir}'
datarootdir='${prefix}/share'
docdir='${datarootdir}/doc/${PACKAGE_TARNAME}'
dvidir='${docdir}'
exec_prefix='NONE'
host='x86_64-apple-darwin20.6.0'
host_alias=''
host_cpu='x86_64'
host_os='darwin20.6.0'
host_vendor='apple'
htmldir='${docdir}'
includedir='${prefix}/include'
infodir='${datarootdir}/info'
install_sh='${SHELL} /Users/amlatyr/Code/analytics_prototype/valgrind-3.18.1/install-sh'
libdir='${exec_prefix}/lib'
libexecdir='${exec_prefix}/libexec'
localedir='${datarootdir}/locale'
localstatedir='${prefix}/var'
mandir='${datarootdir}/man'
mkdir_p='$(MKDIR_P)'
oldincludedir='/usr/include'
pdfdir='${docdir}'
prefix='NONE'
program_transform_name='s,x,x,'
psdir='${docdir}'
runstatedir='${localstatedir}/run'
sbindir='${exec_prefix}/sbin'
sharedstatedir='${prefix}/com'
sysconfdir='${prefix}/etc'
target_alias=''

## ----------- ##
## confdefs.h. ##
## ----------- ##

/* confdefs.h */
#define PACKAGE_NAME "Valgrind"
#define PACKAGE_TARNAME "valgrind"
#define PACKAGE_VERSION "3.18.1"
#define PACKAGE_STRING "Valgrind 3.18.1"
#define PACKAGE_BUGREPORT "valgrind-users@lists.sourceforge.net"
#define PACKAGE_URL ""
#define PACKAGE "valgrind"
#define VERSION "3.18.1"
#define GDB_PATH "/no/gdb/was/found/at/configure/time"
#define DARWIN_10_5 100500
#define DARWIN_10_6 100600
#define DARWIN_10_7 100700
#define DARWIN_10_8 100800
#define DARWIN_10_9 100900
#define DARWIN_10_10 101000
#define DARWIN_10_11 101100
#define DARWIN_10_12 101200
#define DARWIN_10_13 101300

configure: exit 1
